{"/Users/Portnoy/Shenkar/FullStack coding/Fullstack/URL Explorer/back/storeURL.js": {"path":"/Users/Portnoy/Shenkar/FullStack coding/Fullstack/URL Explorer/back/storeURL.js","statementMap":{"0":{"start":{"line":1,"column":17},"end":{"line":1,"column":36}},"1":{"start":{"line":2,"column":12},"end":{"line":2,"column":34}},"2":{"start":{"line":3,"column":22},"end":{"line":3,"column":46}},"3":{"start":{"line":5,"column":21},"end":{"line":23,"column":1}},"4":{"start":{"line":6,"column":4},"end":{"line":22,"column":5}},"5":{"start":{"line":7,"column":8},"end":{"line":7,"column":28}},"6":{"start":{"line":8,"column":28},"end":{"line":8,"column":54}},"7":{"start":{"line":9,"column":8},"end":{"line":11,"column":9}},"8":{"start":{"line":10,"column":12},"end":{"line":10,"column":50}},"9":{"start":{"line":12,"column":23},"end":{"line":15,"column":10}},"10":{"start":{"line":16,"column":25},"end":{"line":16,"column":44}},"11":{"start":{"line":17,"column":8},"end":{"line":17,"column":57}},"12":{"start":{"line":19,"column":8},"end":{"line":19,"column":50}},"13":{"start":{"line":21,"column":8},"end":{"line":21,"column":33}},"14":{"start":{"line":25,"column":21},"end":{"line":32,"column":1}},"15":{"start":{"line":26,"column":4},"end":{"line":31,"column":5}},"16":{"start":{"line":27,"column":8},"end":{"line":27,"column":28}},"17":{"start":{"line":28,"column":8},"end":{"line":28,"column":42}},"18":{"start":{"line":30,"column":8},"end":{"line":30,"column":52}},"19":{"start":{"line":34,"column":22},"end":{"line":41,"column":1}},"20":{"start":{"line":35,"column":4},"end":{"line":40,"column":5}},"21":{"start":{"line":36,"column":8},"end":{"line":36,"column":28}},"22":{"start":{"line":37,"column":8},"end":{"line":37,"column":34}},"23":{"start":{"line":39,"column":8},"end":{"line":39,"column":53}},"24":{"start":{"line":43,"column":25},"end":{"line":52,"column":1}},"25":{"start":{"line":44,"column":4},"end":{"line":51,"column":5}},"26":{"start":{"line":45,"column":8},"end":{"line":45,"column":28}},"27":{"start":{"line":46,"column":8},"end":{"line":46,"column":40}},"28":{"start":{"line":48,"column":8},"end":{"line":48,"column":53}},"29":{"start":{"line":50,"column":8},"end":{"line":50,"column":33}},"30":{"start":{"line":55,"column":4},"end":{"line":57,"column":5}},"31":{"start":{"line":56,"column":8},"end":{"line":56,"column":26}},"32":{"start":{"line":61,"column":4},"end":{"line":63,"column":5}},"33":{"start":{"line":62,"column":8},"end":{"line":62,"column":42}},"34":{"start":{"line":66,"column":0},"end":{"line":71,"column":2}}},"fnMap":{"0":{"name":"(anonymous_0)","decl":{"start":{"line":5,"column":21},"end":{"line":5,"column":22}},"loc":{"start":{"line":5,"column":49},"end":{"line":23,"column":1}},"line":5},"1":{"name":"(anonymous_1)","decl":{"start":{"line":25,"column":21},"end":{"line":25,"column":22}},"loc":{"start":{"line":25,"column":36},"end":{"line":32,"column":1}},"line":25},"2":{"name":"(anonymous_2)","decl":{"start":{"line":34,"column":22},"end":{"line":34,"column":23}},"loc":{"start":{"line":34,"column":34},"end":{"line":41,"column":1}},"line":34},"3":{"name":"(anonymous_3)","decl":{"start":{"line":43,"column":25},"end":{"line":43,"column":26}},"loc":{"start":{"line":43,"column":37},"end":{"line":52,"column":1}},"line":43},"4":{"name":"connectToDB","decl":{"start":{"line":54,"column":15},"end":{"line":54,"column":26}},"loc":{"start":{"line":54,"column":29},"end":{"line":58,"column":1}},"line":54},"5":{"name":"disconnectFromDB","decl":{"start":{"line":60,"column":15},"end":{"line":60,"column":31}},"loc":{"start":{"line":60,"column":34},"end":{"line":64,"column":1}},"line":60}},"branchMap":{"0":{"loc":{"start":{"line":9,"column":8},"end":{"line":11,"column":9}},"type":"if","locations":[{"start":{"line":9,"column":8},"end":{"line":11,"column":9}},{"start":{},"end":{}}],"line":9},"1":{"loc":{"start":{"line":55,"column":4},"end":{"line":57,"column":5}},"type":"if","locations":[{"start":{"line":55,"column":4},"end":{"line":57,"column":5}},{"start":{},"end":{}}],"line":55},"2":{"loc":{"start":{"line":61,"column":4},"end":{"line":63,"column":5}},"type":"if","locations":[{"start":{"line":61,"column":4},"end":{"line":63,"column":5}},{"start":{},"end":{}}],"line":61}},"s":{"0":1,"1":1,"2":1,"3":1,"4":1,"5":1,"6":1,"7":1,"8":0,"9":1,"10":1,"11":1,"12":0,"13":1,"14":1,"15":8,"16":8,"17":8,"18":0,"19":1,"20":1,"21":1,"22":1,"23":0,"24":1,"25":1,"26":1,"27":1,"28":0,"29":1,"30":11,"31":1,"32":2,"33":2,"34":1},"f":{"0":1,"1":8,"2":1,"3":1,"4":11,"5":2},"b":{"0":[0,1],"1":[1,10],"2":[2,0]},"_coverageSchema":"1a1c01bbd47fc00a2c39e90264f33305004495a9","hash":"4941a8eb015091c01b080a1ff5f1c0b1b0951d29"}
,"/Users/Portnoy/Shenkar/FullStack coding/Fullstack/URL Explorer/back/controller/controller.js": {"path":"/Users/Portnoy/Shenkar/FullStack coding/Fullstack/URL Explorer/back/controller/controller.js","statementMap":{"0":{"start":{"line":1,"column":57},"end":{"line":1,"column":75}},"1":{"start":{"line":2,"column":72},"end":{"line":2,"column":94}},"2":{"start":{"line":3,"column":15},"end":{"line":3,"column":42}},"3":{"start":{"line":5,"column":16},"end":{"line":8,"column":1}},"4":{"start":{"line":6,"column":2},"end":{"line":6,"column":38}},"5":{"start":{"line":7,"column":2},"end":{"line":7,"column":31}},"6":{"start":{"line":10,"column":19},"end":{"line":13,"column":1}},"7":{"start":{"line":11,"column":2},"end":{"line":11,"column":42}},"8":{"start":{"line":12,"column":2},"end":{"line":12,"column":34}},"9":{"start":{"line":15,"column":20},"end":{"line":25,"column":1}},"10":{"start":{"line":16,"column":2},"end":{"line":24,"column":3}},"11":{"start":{"line":17,"column":4},"end":{"line":17,"column":57}},"12":{"start":{"line":18,"column":27},"end":{"line":18,"column":64}},"13":{"start":{"line":19,"column":4},"end":{"line":19,"column":59}},"14":{"start":{"line":20,"column":4},"end":{"line":20,"column":69}},"15":{"start":{"line":22,"column":4},"end":{"line":22,"column":71}},"16":{"start":{"line":23,"column":4},"end":{"line":23,"column":51}},"17":{"start":{"line":27,"column":18},"end":{"line":54,"column":1}},"18":{"start":{"line":28,"column":2},"end":{"line":53,"column":3}},"19":{"start":{"line":29,"column":26},"end":{"line":29,"column":50}},"20":{"start":{"line":30,"column":4},"end":{"line":32,"column":5}},"21":{"start":{"line":31,"column":6},"end":{"line":31,"column":21}},"22":{"start":{"line":33,"column":22},"end":{"line":33,"column":55}},"23":{"start":{"line":34,"column":4},"end":{"line":34,"column":31}},"24":{"start":{"line":35,"column":4},"end":{"line":35,"column":82}},"25":{"start":{"line":37,"column":24},"end":{"line":37,"column":84}},"26":{"start":{"line":38,"column":4},"end":{"line":40,"column":5}},"27":{"start":{"line":39,"column":6},"end":{"line":39,"column":21}},"28":{"start":{"line":41,"column":4},"end":{"line":43,"column":5}},"29":{"start":{"line":42,"column":6},"end":{"line":42,"column":53}},"30":{"start":{"line":44,"column":18},"end":{"line":44,"column":43}},"31":{"start":{"line":45,"column":4},"end":{"line":47,"column":5}},"32":{"start":{"line":46,"column":6},"end":{"line":46,"column":55}},"33":{"start":{"line":49,"column":4},"end":{"line":49,"column":19}},"34":{"start":{"line":51,"column":4},"end":{"line":51,"column":69}},"35":{"start":{"line":52,"column":4},"end":{"line":52,"column":19}},"36":{"start":{"line":56,"column":0},"end":{"line":60,"column":2}}},"fnMap":{"0":{"name":"(anonymous_0)","decl":{"start":{"line":5,"column":16},"end":{"line":5,"column":17}},"loc":{"start":{"line":5,"column":28},"end":{"line":8,"column":1}},"line":5},"1":{"name":"(anonymous_1)","decl":{"start":{"line":10,"column":19},"end":{"line":10,"column":20}},"loc":{"start":{"line":10,"column":31},"end":{"line":13,"column":1}},"line":10},"2":{"name":"(anonymous_2)","decl":{"start":{"line":15,"column":20},"end":{"line":15,"column":21}},"loc":{"start":{"line":15,"column":40},"end":{"line":25,"column":1}},"line":15},"3":{"name":"(anonymous_3)","decl":{"start":{"line":27,"column":18},"end":{"line":27,"column":19}},"loc":{"start":{"line":27,"column":63},"end":{"line":54,"column":1}},"line":27}},"branchMap":{"0":{"loc":{"start":{"line":30,"column":4},"end":{"line":32,"column":5}},"type":"if","locations":[{"start":{"line":30,"column":4},"end":{"line":32,"column":5}},{"start":{},"end":{}}],"line":30},"1":{"loc":{"start":{"line":30,"column":8},"end":{"line":30,"column":70}},"type":"binary-expr","locations":[{"start":{"line":30,"column":8},"end":{"line":30,"column":22}},{"start":{"line":30,"column":26},"end":{"line":30,"column":52}},{"start":{"line":30,"column":56},"end":{"line":30,"column":70}}],"line":30},"2":{"loc":{"start":{"line":37,"column":24},"end":{"line":37,"column":84}},"type":"binary-expr","locations":[{"start":{"line":37,"column":24},"end":{"line":37,"column":46}},{"start":{"line":37,"column":50},"end":{"line":37,"column":84}}],"line":37},"3":{"loc":{"start":{"line":38,"column":4},"end":{"line":40,"column":5}},"type":"if","locations":[{"start":{"line":38,"column":4},"end":{"line":40,"column":5}},{"start":{},"end":{}}],"line":38},"4":{"loc":{"start":{"line":41,"column":4},"end":{"line":43,"column":5}},"type":"if","locations":[{"start":{"line":41,"column":4},"end":{"line":43,"column":5}},{"start":{},"end":{}}],"line":41}},"s":{"0":1,"1":1,"2":1,"3":1,"4":1,"5":1,"6":1,"7":1,"8":1,"9":1,"10":2,"11":2,"12":2,"13":2,"14":2,"15":0,"16":0,"17":1,"18":264,"19":264,"20":264,"21":256,"22":8,"23":8,"24":8,"25":8,"26":8,"27":0,"28":8,"29":1,"30":8,"31":8,"32":262,"33":8,"34":0,"35":0,"36":1},"f":{"0":1,"1":1,"2":2,"3":264},"b":{"0":[256,8],"1":[264,264,258],"2":[8,1],"3":[0,8],"4":[1,7]},"_coverageSchema":"1a1c01bbd47fc00a2c39e90264f33305004495a9","hash":"c2788a5b5c1f2dd284f9f27b1bf93f783bc8f44d"}
,"/Users/Portnoy/Shenkar/FullStack coding/Fullstack/URL Explorer/back/controller/utils.js": {"path":"/Users/Portnoy/Shenkar/FullStack coding/Fullstack/URL Explorer/back/controller/utils.js","statementMap":{"0":{"start":{"line":1,"column":14},"end":{"line":1,"column":30}},"1":{"start":{"line":2,"column":14},"end":{"line":2,"column":30}},"2":{"start":{"line":3,"column":18},"end":{"line":3,"column":23}},"3":{"start":{"line":4,"column":16},"end":{"line":4,"column":30}},"4":{"start":{"line":5,"column":15},"end":{"line":5,"column":42}},"5":{"start":{"line":7,"column":25},"end":{"line":17,"column":1}},"6":{"start":{"line":8,"column":2},"end":{"line":16,"column":3}},"7":{"start":{"line":9,"column":21},"end":{"line":9,"column":41}},"8":{"start":{"line":10,"column":24},"end":{"line":10,"column":37}},"9":{"start":{"line":11,"column":4},"end":{"line":11,"column":52}},"10":{"start":{"line":12,"column":4},"end":{"line":12,"column":23}},"11":{"start":{"line":14,"column":4},"end":{"line":14,"column":78}},"12":{"start":{"line":15,"column":4},"end":{"line":15,"column":16}},"13":{"start":{"line":19,"column":21},"end":{"line":31,"column":1}},"14":{"start":{"line":20,"column":14},"end":{"line":20,"column":36}},"15":{"start":{"line":21,"column":16},"end":{"line":21,"column":57}},"16":{"start":{"line":22,"column":20},"end":{"line":22,"column":22}},"17":{"start":{"line":23,"column":2},"end":{"line":28,"column":5}},"18":{"start":{"line":24,"column":17},"end":{"line":24,"column":26}},"19":{"start":{"line":25,"column":4},"end":{"line":27,"column":5}},"20":{"start":{"line":26,"column":6},"end":{"line":26,"column":27}},"21":{"start":{"line":29,"column":2},"end":{"line":29,"column":53}},"22":{"start":{"line":30,"column":2},"end":{"line":30,"column":19}},"23":{"start":{"line":33,"column":21},"end":{"line":43,"column":1}},"24":{"start":{"line":34,"column":2},"end":{"line":42,"column":3}},"25":{"start":{"line":35,"column":22},"end":{"line":35,"column":34}},"26":{"start":{"line":36,"column":23},"end":{"line":36,"column":62}},"27":{"start":{"line":37,"column":4},"end":{"line":37,"column":59}},"28":{"start":{"line":38,"column":4},"end":{"line":38,"column":22}},"29":{"start":{"line":40,"column":4},"end":{"line":40,"column":67}},"30":{"start":{"line":41,"column":4},"end":{"line":41,"column":16}},"31":{"start":{"line":45,"column":0},"end":{"line":49,"column":1}}},"fnMap":{"0":{"name":"(anonymous_0)","decl":{"start":{"line":7,"column":25},"end":{"line":7,"column":26}},"loc":{"start":{"line":7,"column":40},"end":{"line":17,"column":1}},"line":7},"1":{"name":"(anonymous_1)","decl":{"start":{"line":19,"column":21},"end":{"line":19,"column":22}},"loc":{"start":{"line":19,"column":38},"end":{"line":31,"column":1}},"line":19},"2":{"name":"(anonymous_2)","decl":{"start":{"line":23,"column":16},"end":{"line":23,"column":17}},"loc":{"start":{"line":23,"column":24},"end":{"line":28,"column":3}},"line":23},"3":{"name":"(anonymous_3)","decl":{"start":{"line":33,"column":21},"end":{"line":33,"column":22}},"loc":{"start":{"line":33,"column":30},"end":{"line":43,"column":1}},"line":33}},"branchMap":{"0":{"loc":{"start":{"line":25,"column":4},"end":{"line":27,"column":5}},"type":"if","locations":[{"start":{"line":25,"column":4},"end":{"line":27,"column":5}},{"start":{},"end":{}}],"line":25},"1":{"loc":{"start":{"line":25,"column":8},"end":{"line":25,"column":43}},"type":"binary-expr","locations":[{"start":{"line":25,"column":8},"end":{"line":25,"column":12}},{"start":{"line":25,"column":16},"end":{"line":25,"column":43}}],"line":25}},"s":{"0":2,"1":2,"2":2,"3":2,"4":2,"5":2,"6":3,"7":3,"8":2,"9":2,"10":2,"11":1,"12":1,"13":2,"14":9,"15":9,"16":9,"17":9,"18":2527,"19":2527,"20":263,"21":9,"22":9,"23":2,"24":266,"25":266,"26":265,"27":265,"28":265,"29":1,"30":1,"31":2},"f":{"0":3,"1":9,"2":2527,"3":266},"b":{"0":[263,2264],"1":[2527,2457]},"_coverageSchema":"1a1c01bbd47fc00a2c39e90264f33305004495a9","hash":"17d1c3b09c228ec2c79e3f6d1a499702c4651935"}
,"/Users/Portnoy/Shenkar/FullStack coding/Fullstack/URL Explorer/back/logger/logger.js": {"path":"/Users/Portnoy/Shenkar/FullStack coding/Fullstack/URL Explorer/back/logger/logger.js","statementMap":{"0":{"start":{"line":2,"column":45},"end":{"line":2,"column":63}},"1":{"start":{"line":4,"column":15},"end":{"line":16,"column":2}},"2":{"start":{"line":9,"column":6},"end":{"line":9,"column":65}},"3":{"start":{"line":18,"column":0},"end":{"line":18,"column":24}}},"fnMap":{"0":{"name":"(anonymous_0)","decl":{"start":{"line":8,"column":18},"end":{"line":8,"column":19}},"loc":{"start":{"line":8,"column":53},"end":{"line":10,"column":5}},"line":8}},"branchMap":{},"s":{"0":2,"1":2,"2":292,"3":2},"f":{"0":292},"b":{},"_coverageSchema":"1a1c01bbd47fc00a2c39e90264f33305004495a9","hash":"265d4a1c9f6e50854ed7bdd58090d3c48447f39d"}
,"/Users/Portnoy/Shenkar/FullStack coding/Fullstack/URL Explorer/back/model/url.js": {"path":"/Users/Portnoy/Shenkar/FullStack coding/Fullstack/URL Explorer/back/model/url.js","statementMap":{"0":{"start":{"line":1,"column":17},"end":{"line":1,"column":36}},"1":{"start":{"line":3,"column":18},"end":{"line":14,"column":2}},"2":{"start":{"line":15,"column":12},"end":{"line":15,"column":44}},"3":{"start":{"line":17,"column":0},"end":{"line":17,"column":21}}},"fnMap":{},"branchMap":{},"s":{"0":1,"1":1,"2":1,"3":1},"f":{},"b":{},"_coverageSchema":"1a1c01bbd47fc00a2c39e90264f33305004495a9","hash":"807e3d9c8428335b407941c22af2cbefaf466461"}
}
