TN:
SF:storeURL.js
FN:5,(anonymous_0)
FN:25,(anonymous_1)
FN:34,(anonymous_2)
FN:43,(anonymous_3)
FN:54,connectToDB
FN:60,disconnectFromDB
FNF:6
FNH:6
FNDA:1,(anonymous_0)
FNDA:8,(anonymous_1)
FNDA:1,(anonymous_2)
FNDA:1,(anonymous_3)
FNDA:11,connectToDB
FNDA:2,disconnectFromDB
DA:1,1
DA:2,1
DA:3,1
DA:5,1
DA:6,1
DA:7,1
DA:8,1
DA:9,1
DA:10,0
DA:12,1
DA:16,1
DA:17,1
DA:19,0
DA:21,1
DA:25,1
DA:26,8
DA:27,8
DA:28,8
DA:30,0
DA:34,1
DA:35,1
DA:36,1
DA:37,1
DA:39,0
DA:43,1
DA:44,1
DA:45,1
DA:46,1
DA:48,0
DA:50,1
DA:55,11
DA:56,1
DA:61,2
DA:62,2
DA:66,1
LF:35
LH:30
BRDA:9,0,0,0
BRDA:9,0,1,1
BRDA:55,1,0,1
BRDA:55,1,1,10
BRDA:61,2,0,2
BRDA:61,2,1,0
BRF:6
BRH:4
end_of_record
TN:
SF:controller/controller.js
FN:5,(anonymous_0)
FN:10,(anonymous_1)
FN:15,(anonymous_2)
FN:27,(anonymous_3)
FNF:4
FNH:4
FNDA:1,(anonymous_0)
FNDA:1,(anonymous_1)
FNDA:2,(anonymous_2)
FNDA:264,(anonymous_3)
DA:1,1
DA:2,1
DA:3,1
DA:5,1
DA:6,1
DA:7,1
DA:10,1
DA:11,1
DA:12,1
DA:15,1
DA:16,2
DA:17,2
DA:18,2
DA:19,2
DA:20,2
DA:22,0
DA:23,0
DA:27,1
DA:28,264
DA:29,264
DA:30,264
DA:31,256
DA:33,8
DA:34,8
DA:35,8
DA:37,8
DA:38,8
DA:39,0
DA:41,8
DA:42,1
DA:44,8
DA:45,8
DA:46,262
DA:49,8
DA:51,0
DA:52,0
DA:56,1
LF:37
LH:32
BRDA:30,0,0,256
BRDA:30,0,1,8
BRDA:30,1,0,264
BRDA:30,1,1,264
BRDA:30,1,2,258
BRDA:37,2,0,8
BRDA:37,2,1,1
BRDA:38,3,0,0
BRDA:38,3,1,8
BRDA:41,4,0,1
BRDA:41,4,1,7
BRF:11
BRH:10
end_of_record
TN:
SF:controller/utils.js
FN:7,(anonymous_0)
FN:19,(anonymous_1)
FN:23,(anonymous_2)
FN:33,(anonymous_3)
FNF:4
FNH:4
FNDA:3,(anonymous_0)
FNDA:9,(anonymous_1)
FNDA:2527,(anonymous_2)
FNDA:266,(anonymous_3)
DA:1,2
DA:2,2
DA:3,2
DA:4,2
DA:5,2
DA:7,2
DA:8,3
DA:9,3
DA:10,2
DA:11,2
DA:12,2
DA:14,1
DA:15,1
DA:19,2
DA:20,9
DA:21,9
DA:22,9
DA:23,9
DA:24,2527
DA:25,2527
DA:26,263
DA:29,9
DA:30,9
DA:33,2
DA:34,266
DA:35,266
DA:36,265
DA:37,265
DA:38,265
DA:40,1
DA:41,1
DA:45,2
LF:32
LH:32
BRDA:25,0,0,263
BRDA:25,0,1,2264
BRDA:25,1,0,2527
BRDA:25,1,1,2457
BRF:4
BRH:4
end_of_record
TN:
SF:logger/logger.js
FN:8,(anonymous_0)
FNF:1
FNH:1
FNDA:292,(anonymous_0)
DA:2,2
DA:4,2
DA:9,292
DA:18,2
LF:4
LH:4
BRF:0
BRH:0
end_of_record
TN:
SF:model/url.js
FNF:0
FNH:0
DA:1,1
DA:3,1
DA:15,1
DA:17,1
LF:4
LH:4
BRF:0
BRH:0
end_of_record
